0 info it worked if it ends with ok
1 verbose cli [ '/Users/ddunderfelt/.nvm/v0.10.33/bin/node',
1 verbose cli   '/Users/ddunderfelt/.nvm/v0.10.33/bin/npm',
1 verbose cli   'link' ]
2 info using npm@1.4.28
3 info using node@v0.10.33
4 verbose linkPkg /Users/ddunderfelt/projects/default.js
5 verbose link build target /Users/ddunderfelt/.nvm/v0.10.33/lib/node_modules/Default.js
6 verbose install where,what [ '/Users/ddunderfelt/projects/default.js', [] ]
7 verbose readDependencies using package.json deps
8 verbose install where, deps [ '/Users/ddunderfelt/projects/default.js', [ 'gulp' ] ]
9 info preinstall Default.js@0.0.1
10 verbose readDependencies using package.json deps
11 verbose cache add [ 'gulp@~0.3.12', null ]
12 verbose cache add name=undefined spec="gulp@~0.3.12" args=["gulp@~0.3.12",null]
13 verbose parsed url { protocol: null,
13 verbose parsed url   slashes: null,
13 verbose parsed url   auth: null,
13 verbose parsed url   host: null,
13 verbose parsed url   port: null,
13 verbose parsed url   hostname: null,
13 verbose parsed url   hash: null,
13 verbose parsed url   search: null,
13 verbose parsed url   query: null,
13 verbose parsed url   pathname: 'gulp@~0.3.12',
13 verbose parsed url   path: 'gulp@~0.3.12',
13 verbose parsed url   href: 'gulp@~0.3.12' }
14 verbose cache add name="gulp" spec="~0.3.12" args=["gulp","~0.3.12"]
15 verbose parsed url { protocol: null,
15 verbose parsed url   slashes: null,
15 verbose parsed url   auth: null,
15 verbose parsed url   host: null,
15 verbose parsed url   port: null,
15 verbose parsed url   hostname: null,
15 verbose parsed url   hash: null,
15 verbose parsed url   search: null,
15 verbose parsed url   query: null,
15 verbose parsed url   pathname: '~0.3.12',
15 verbose parsed url   path: '~0.3.12',
15 verbose parsed url   href: '~0.3.12' }
16 verbose addNamed [ 'gulp', '~0.3.12' ]
17 verbose addNamed [ null, '>=0.3.12-0 <0.4.0-0' ]
18 silly lockFile 8eaefa20-gulp-0-3-12 gulp@~0.3.12
19 verbose lock gulp@~0.3.12 /Users/ddunderfelt/.npm/8eaefa20-gulp-0-3-12.lock
20 silly addNameRange { name: 'gulp', range: '>=0.3.12-0 <0.4.0-0', hasData: false }
21 verbose request where is /gulp
22 verbose request registry https://registry.npmjs.org/
23 verbose request id 387cbe14f707f210
24 verbose url raw /gulp
25 verbose url resolving [ 'https://registry.npmjs.org/', './gulp' ]
26 verbose url resolved https://registry.npmjs.org/gulp
27 verbose request where is https://registry.npmjs.org/gulp
28 info trying registry request attempt 1 at 14:51:48
29 verbose etag "2589FWDBOKQ5NS0TEFOCZ9ZG2"
30 http GET https://registry.npmjs.org/gulp
31 http 304 https://registry.npmjs.org/gulp
32 silly registry.get cb [ 304,
32 silly registry.get   { date: 'Thu, 13 Nov 2014 12:51:47 GMT',
32 silly registry.get     server: 'Apache',
32 silly registry.get     via: '1.1 varnish',
32 silly registry.get     'last-modified': 'Thu, 13 Nov 2014 12:51:47 GMT',
32 silly registry.get     'cache-control': 'max-age=60',
32 silly registry.get     etag: '"2589FWDBOKQ5NS0TEFOCZ9ZG2"',
32 silly registry.get     age: '0',
32 silly registry.get     'x-served-by': 'cache-fra1233-FRA',
32 silly registry.get     'x-cache': 'HIT',
32 silly registry.get     'x-cache-hits': '1',
32 silly registry.get     'x-timer': 'S1415883107.141140,VS0,VE705',
32 silly registry.get     vary: 'Accept',
32 silly registry.get     'content-length': '0',
32 silly registry.get     'keep-alive': 'timeout=10, max=50',
32 silly registry.get     connection: 'Keep-Alive' } ]
33 verbose etag https://registry.npmjs.org/gulp from cache
34 silly addNameRange number 2 { name: 'gulp', range: '>=0.3.12-0 <0.4.0-0', hasData: true }
35 silly addNameRange versions [ 'gulp',
35 silly addNameRange   [ '0.0.1',
35 silly addNameRange     '0.0.2',
35 silly addNameRange     '0.0.3',
35 silly addNameRange     '0.0.4',
35 silly addNameRange     '0.0.5',
35 silly addNameRange     '0.0.7',
35 silly addNameRange     '0.0.8',
35 silly addNameRange     '0.0.9',
35 silly addNameRange     '0.1.0',
35 silly addNameRange     '0.2.0',
35 silly addNameRange     '1.0.0',
35 silly addNameRange     '1.1.0',
35 silly addNameRange     '1.2.0',
35 silly addNameRange     '1.2.1',
35 silly addNameRange     '2.0.0',
35 silly addNameRange     '2.0.1',
35 silly addNameRange     '2.1.0',
35 silly addNameRange     '2.2.0',
35 silly addNameRange     '2.3.0',
35 silly addNameRange     '2.4.0',
35 silly addNameRange     '2.4.1',
35 silly addNameRange     '2.6.0',
35 silly addNameRange     '2.6.1',
35 silly addNameRange     '2.7.0',
35 silly addNameRange     '3.0.0',
35 silly addNameRange     '3.1.1',
35 silly addNameRange     '3.1.2',
35 silly addNameRange     '3.1.3',
35 silly addNameRange     '3.1.4',
35 silly addNameRange     '3.2.0',
35 silly addNameRange     '3.2.1',
35 silly addNameRange     '3.2.2',
35 silly addNameRange     '3.2.3',
35 silly addNameRange     '3.2.4',
35 silly addNameRange     '3.2.5',
35 silly addNameRange     '3.3.0',
35 silly addNameRange     '3.3.1',
35 silly addNameRange     '3.3.2',
35 silly addNameRange     '3.3.4',
35 silly addNameRange     '3.4.0',
35 silly addNameRange     '3.5.0',
35 silly addNameRange     '3.5.1',
35 silly addNameRange     '3.5.2',
35 silly addNameRange     '3.5.5',
35 silly addNameRange     '3.5.6',
35 silly addNameRange     '3.6.0',
35 silly addNameRange     '3.6.1',
35 silly addNameRange     '3.6.2',
35 silly addNameRange     '3.7.0',
35 silly addNameRange     '3.8.0',
35 silly addNameRange     '3.8.1',
35 silly addNameRange     '3.8.2',
35 silly addNameRange     '3.8.3',
35 silly addNameRange     '3.8.4',
35 silly addNameRange     '3.8.5',
35 silly addNameRange     '3.8.6',
35 silly addNameRange     '3.8.7',
35 silly addNameRange     '3.8.8',
35 silly addNameRange     '3.8.9',
35 silly addNameRange     '3.8.10' ] ]
36 silly lockFile 8eaefa20-gulp-0-3-12 gulp@~0.3.12
37 silly lockFile 8eaefa20-gulp-0-3-12 gulp@~0.3.12
38 error notarget No compatible version found: gulp@'>=0.3.12-0 <0.4.0-0'
38 error notarget Valid install targets:
38 error notarget ["0.0.1","0.0.2","0.0.3","0.0.4","0.0.5","0.0.7","0.0.8","0.0.9","0.1.0","0.2.0","1.0.0","1.1.0","1.2.0","1.2.1","2.0.0","2.0.1","2.1.0","2.2.0","2.3.0","2.4.0","2.4.1","2.6.0","2.6.1","2.7.0","3.0.0","3.1.1","3.1.2","3.1.3","3.1.4","3.2.0","3.2.1","3.2.2","3.2.3","3.2.4","3.2.5","3.3.0","3.3.1","3.3.2","3.3.4","3.4.0","3.5.0","3.5.1","3.5.2","3.5.5","3.5.6","3.6.0","3.6.1","3.6.2","3.7.0","3.8.0","3.8.1","3.8.2","3.8.3","3.8.4","3.8.5","3.8.6","3.8.7","3.8.8","3.8.9","3.8.10"]
38 error notarget
38 error notarget This is most likely not a problem with npm itself.
38 error notarget In most cases you or one of your dependencies are requesting
38 error notarget a package version that doesn't exist.
39 error System Darwin 13.4.0
40 error command "/Users/ddunderfelt/.nvm/v0.10.33/bin/node" "/Users/ddunderfelt/.nvm/v0.10.33/bin/npm" "link"
41 error cwd /Users/ddunderfelt/projects/default.js
42 error node -v v0.10.33
43 error npm -v 1.4.28
44 error code ETARGET
45 verbose exit [ 1, true ]
